# JRE version: Java(TM) SE Runtime Environment (8.0_221-b11) (build 1.8.0_221-b11)
# Java VM: Java HotSpot(TM) 64-Bit Server VM (25.221-b11 mixed mode windows-amd64 compressed oops)
Heap:
 PSYoungGen      total 222720K, used 220928K [0x0000000780580000, 0x00000007afe00000, 0x00000007c0000000)
  eden space 220672K, 100% used [0x0000000780580000,0x000000078dd00000,0x000000078dd00000)
  from space 2048K, 12% used [0x00000007afa00000,0x00000007afa40000,0x00000007afc00000)
  to   space 2048K, 12% used [0x00000007afc00000,0x00000007afc40000,0x00000007afe00000)
 ParOldGen       total 131072K, used 106567K [0x0000000701000000, 0x0000000709000000, 0x0000000780580000)
  object space 131072K, 81% used [0x0000000701000000,0x0000000707811f70,0x0000000709000000)
 Metaspace       used 16144K, capacity 17036K, committed 17280K, reserved 1064960K
  class space    used 2364K, capacity 2563K, committed 2688K, reserved 1048576K
GC Heap History (10 events):
Event: 46.762 GC heap before
{Heap before GC invocations=206 (full 0):
 PSYoungGen      total 284160K, used 283936K [0x0000000780580000, 0x00000007b0280000, 0x00000007c0000000)
  eden space 283648K, 100% used [0x0000000780580000,0x0000000791a80000,0x0000000791a80000)
  from space 512K, 56% used [0x00000007aff80000,0x00000007affc8000,0x00000007b0000000)
  to   space 2048K, 0% used [0x00000007b0080000,0x00000007b0080000,0x00000007b0280000)
 ParOldGen       total 131072K, used 105576K [0x0000000701000000, 0x0000000709000000, 0x0000000780580000)
  object space 131072K, 80% used [0x0000000701000000,0x000000070771a2a8,0x0000000709000000)
 Metaspace       used 16144K, capacity 17036K, committed 17280K, reserved 1064960K
  class space    used 2364K, capacity 2563K, committed 2688K, reserved 1048576K
Event: 46.764 GC heap after
Heap after GC invocations=206 (full 0):
 PSYoungGen      total 272384K, used 256K [0x0000000780580000, 0x00000007b0100000, 0x00000007c0000000)
  eden space 271872K, 0% used [0x0000000780580000,0x0000000780580000,0x0000000790f00000)
  from space 512K, 50% used [0x00000007b0080000,0x00000007b00c0000,0x00000007b0100000)
  to   space 2048K, 0% used [0x00000007afd00000,0x00000007afd00000,0x00000007aff00000)
 ParOldGen       total 131072K, used 105632K [0x0000000701000000, 0x0000000709000000, 0x0000000780580000)
  object space 131072K, 80% used [0x0000000701000000,0x00000007077282a8,0x0000000709000000)
 Metaspace       used 16144K, capacity 17036K, committed 17280K, reserved 1064960K
  class space    used 2364K, capacity 2563K, committed 2688K, reserved 1048576K
}
Event: 46.903 GC heap before
{Heap before GC invocations=207 (full 0):
 PSYoungGen      total 272384K, used 272128K [0x0000000780580000, 0x00000007b0100000, 0x00000007c0000000)
  eden space 271872K, 100% used [0x0000000780580000,0x0000000790f00000,0x0000000790f00000)
  from space 512K, 50% used [0x00000007b0080000,0x00000007b00c0000,0x00000007b0100000)
  to   space 2048K, 0% used [0x00000007afd00000,0x00000007afd00000,0x00000007aff00000)
 ParOldGen       total 131072K, used 105632K [0x0000000701000000, 0x0000000709000000, 0x0000000780580000)
  object space 131072K, 80% used [0x0000000701000000,0x00000007077282a8,0x0000000709000000)
 Metaspace       used 16144K, capacity 17036K, committed 17280K, reserved 1064960K
  class space    used 2364K, capacity 2563K, committed 2688K, reserved 1048576K
Event: 46.904 GC heap after
Heap after GC invocations=207 (full 0):
 PSYoungGen      total 262656K, used 736K [0x0000000780580000, 0x00000007b0100000, 0x00000007c0000000)
  eden space 260608K, 0% used [0x0000000780580000,0x0000000780580000,0x0000000790400000)
  from space 2048K, 35% used [0x00000007afd00000,0x00000007afdb8000,0x00000007aff00000)
  to   space 2048K, 0% used [0x00000007aff00000,0x00000007aff00000,0x00000007b0100000)
 ParOldGen       total 131072K, used 105664K [0x0000000701000000, 0x0000000709000000, 0x0000000780580000)
  object space 131072K, 80% used [0x0000000701000000,0x00000007077302a8,0x0000000709000000)
 Metaspace       used 16144K, capacity 17036K, committed 17280K, reserved 1064960K
  class space    used 2364K, capacity 2563K, committed 2688K, reserved 1048576K
}
Event: 47.031 GC heap before
{Heap before GC invocations=208 (full 0):
 PSYoungGen      total 262656K, used 261344K [0x0000000780580000, 0x00000007b0100000, 0x00000007c0000000)
  eden space 260608K, 100% used [0x0000000780580000,0x0000000790400000,0x0000000790400000)
  from space 2048K, 35% used [0x00000007afd00000,0x00000007afdb8000,0x00000007aff00000)
  to   space 2048K, 0% used [0x00000007aff00000,0x00000007aff00000,0x00000007b0100000)
 ParOldGen       total 131072K, used 105665K [0x0000000701000000, 0x0000000709000000, 0x0000000780580000)
  object space 131072K, 80% used [0x0000000701000000,0x00000007077305a8,0x0000000709000000)
 Metaspace       used 16144K, capacity 17036K, committed 17280K, reserved 1064960K
  class space    used 2364K, capacity 2563K, committed 2688K, reserved 1048576K
Event: 47.032 GC heap after
Heap after GC invocations=208 (full 0):
 PSYoungGen      total 251392K, used 1472K [0x0000000780580000, 0x00000007b0080000, 0x00000007c0000000)
  eden space 249856K, 0% used [0x0000000780580000,0x0000000780580000,0x000000078f980000)
  from space 1536K, 95% used [0x00000007aff00000,0x00000007b0070000,0x00000007b0080000)
  to   space 2048K, 0% used [0x00000007afc80000,0x00000007afc80000,0x00000007afe80000)
 ParOldGen       total 131072K, used 105729K [0x0000000701000000, 0x0000000709000000, 0x0000000780580000)
  object space 131072K, 80% used [0x0000000701000000,0x00000007077405a8,0x0000000709000000)
 Metaspace       used 16144K, capacity 17036K, committed 17280K, reserved 1064960K
  class space    used 2364K, capacity 2563K, committed 2688K, reserved 1048576K
}
Event: 47.143 GC heap before
{Heap before GC invocations=209 (full 0):
 PSYoungGen      total 251392K, used 251328K [0x0000000780580000, 0x00000007b0080000, 0x00000007c0000000)
  eden space 249856K, 100% used [0x0000000780580000,0x000000078f980000,0x000000078f980000)
  from space 1536K, 95% used [0x00000007aff00000,0x00000007b0070000,0x00000007b0080000)
  to   space 2048K, 0% used [0x00000007afc80000,0x00000007afc80000,0x00000007afe80000)
 ParOldGen       total 131072K, used 105733K [0x0000000701000000, 0x0000000709000000, 0x0000000780580000)
  object space 131072K, 80% used [0x0000000701000000,0x0000000707741790,0x0000000709000000)
 Metaspace       used 16144K, capacity 17036K, committed 17280K, reserved 1064960K
  class space    used 2364K, capacity 2563K, committed 2688K, reserved 1048576K
Event: 47.144 GC heap after
Heap after GC invocations=209 (full 0):
 PSYoungGen      total 240128K, used 192K [0x0000000780580000, 0x00000007aff80000, 0x00000007c0000000)
  eden space 239616K, 0% used [0x0000000780580000,0x0000000780580000,0x000000078ef80000)
  from space 512K, 37% used [0x00000007afc80000,0x00000007afcb0000,0x00000007afd00000)
  to   space 2048K, 0% used [0x00000007afd80000,0x00000007afd80000,0x00000007aff80000)
 ParOldGen       total 131072K, used 106389K [0x0000000701000000, 0x0000000709000000, 0x0000000780580000)
  object space 131072K, 81% used [0x0000000701000000,0x00000007077e5790,0x0000000709000000)
 Metaspace       used 16144K, capacity 17036K, committed 17280K, reserved 1064960K
  class space    used 2364K, capacity 2563K, committed 2688K, reserved 1048576K
}
Event: 47.267 GC heap before
{Heap before GC invocations=210 (full 0):
 PSYoungGen      total 240128K, used 239808K [0x0000000780580000, 0x00000007aff80000, 0x00000007c0000000)
  eden space 239616K, 100% used [0x0000000780580000,0x000000078ef80000,0x000000078ef80000)
  from space 512K, 37% used [0x00000007afc80000,0x00000007afcb0000,0x00000007afd00000)
  to   space 2048K, 0% used [0x00000007afd80000,0x00000007afd80000,0x00000007aff80000)
 ParOldGen       total 131072K, used 106391K [0x0000000701000000, 0x0000000709000000, 0x0000000780580000)
  object space 131072K, 81% used [0x0000000701000000,0x00000007077e5f70,0x0000000709000000)
 Metaspace       used 16144K, capacity 17036K, committed 17280K, reserved 1064960K
  class space    used 2364K, capacity 2563K, committed 2688K, reserved 1048576K
Event: 47.268 GC heap after
Heap after GC invocations=210 (full 0):
 PSYoungGen      total 230400K, used 448K [0x0000000780580000, 0x00000007afe00000, 0x00000007c0000000)
  eden space 229888K, 0% used [0x0000000780580000,0x0000000780580000,0x000000078e600000)
  from space 512K, 87% used [0x00000007afd80000,0x00000007afdf0000,0x00000007afe00000)
  to   space 2048K, 0% used [0x00000007afa00000,0x00000007afa00000,0x00000007afc00000)
 ParOldGen       total 131072K, used 106431K [0x0000000701000000, 0x0000000709000000, 0x0000000780580000)
  object space 131072K, 81% used [0x0000000701000000,0x00000007077eff70,0x0000000709000000)
 Metaspace       used 16144K, capacity 17036K, committed 17280K, reserved 1064960K
  class space    used 2364K, capacity 2563K, committed 2688K, reserved 1048576K
}

